<?xml version="1.0" encoding="UTF-8"?>
<testsuite name="src.bookboogie.jpa.tenant.TenantServiceTest" tests="0" skipped="0" failures="0" errors="0" timestamp="1970-01-01T00:00:00" hostname="bookboogie" time="0.0">
  <properties/>
  <system-out><![CDATA[2016-03-28 22:55:42.461  INFO 13095 --- [    Test worker] o.s.t.c.support.AbstractContextLoader    : Could not detect default resource locations for test class [src.bookboogie.jpa.tenant.TenantServiceTest]: no resource found for suffixes {-context.xml, Context.groovy}.
2016-03-28 22:55:42.470  INFO 13095 --- [    Test worker] o.s.t.c.s.DefaultTestContextBootstrapper : Loaded default TestExecutionListener class names from location [META-INF/spring.factories]: [org.springframework.test.context.web.ServletTestExecutionListener, org.springframework.test.context.support.DirtiesContextBeforeModesTestExecutionListener, org.springframework.test.context.support.DependencyInjectionTestExecutionListener, org.springframework.test.context.support.DirtiesContextTestExecutionListener, org.springframework.test.context.transaction.TransactionalTestExecutionListener, org.springframework.test.context.jdbc.SqlScriptsTestExecutionListener]
2016-03-28 22:55:42.471  INFO 13095 --- [    Test worker] o.s.t.c.s.DefaultTestContextBootstrapper : Using TestExecutionListeners: [org.springframework.test.context.web.ServletTestExecutionListener@17e535cb, org.springframework.test.context.support.DirtiesContextBeforeModesTestExecutionListener@1113ea2d, org.springframework.test.context.support.DependencyInjectionTestExecutionListener@576bdee2, org.springframework.test.context.support.DirtiesContextTestExecutionListener@61429a52, org.springframework.test.context.transaction.TransactionalTestExecutionListener@5f37a0dc, org.springframework.test.context.jdbc.SqlScriptsTestExecutionListener@517b7b95]
]]></system-out>
  <system-err><![CDATA[]]></system-err>
</testsuite>
