<?xml version="1.0" encoding="UTF-8"?>
<testsuite name="src.bookboogie.jpa.system.SystemServiceTest" tests="0" skipped="0" failures="0" errors="0" timestamp="1970-01-01T00:00:00" hostname="bookboogie" time="0.0">
  <properties/>
  <system-out><![CDATA[23:39:58.573 [Test worker] DEBUG o.s.t.c.j.SpringJUnit4ClassRunner - SpringJUnit4ClassRunner constructor called with [class src.bookboogie.jpa.system.SystemServiceTest]
23:39:58.592 [Test worker] DEBUG o.s.test.context.BootstrapUtils - Instantiating CacheAwareContextLoaderDelegate from class [org.springframework.test.context.cache.DefaultCacheAwareContextLoaderDelegate]
23:39:58.600 [Test worker] DEBUG o.s.test.context.BootstrapUtils - Instantiating BootstrapContext using constructor [public org.springframework.test.context.support.DefaultBootstrapContext(java.lang.Class,org.springframework.test.context.CacheAwareContextLoaderDelegate)]
23:39:58.610 [Test worker] DEBUG o.s.test.context.BootstrapUtils - Instantiating TestContextBootstrapper for test class [src.bookboogie.jpa.system.SystemServiceTest] from class [org.springframework.test.context.support.DefaultTestContextBootstrapper]
23:39:58.637 [Test worker] DEBUG o.s.t.c.s.DefaultTestContextBootstrapper - Found explicit ContextLoader class [org.springframework.boot.test.SpringApplicationContextLoader] for context configuration attributes [ContextConfigurationAttributes@4f41e22f declaringClass = 'src.bookboogie.jpa.system.SystemServiceTest', classes = '{class src.bookboogie.jpa.Application}', locations = '{}', inheritLocations = true, initializers = '{}', inheritInitializers = true, name = [null], contextLoaderClass = 'org.springframework.boot.test.SpringApplicationContextLoader']
23:39:58.647 [Test worker] DEBUG o.s.t.c.s.AbstractContextLoader - Did not detect default resource location for test class [src.bookboogie.jpa.system.SystemServiceTest]: class path resource [src/bookboogie/jpa/system/SystemServiceTest-context.xml] does not exist
23:39:58.648 [Test worker] DEBUG o.s.t.c.s.AbstractContextLoader - Did not detect default resource location for test class [src.bookboogie.jpa.system.SystemServiceTest]: class path resource [src/bookboogie/jpa/system/SystemServiceTestContext.groovy] does not exist
23:39:58.651 [Test worker] INFO  o.s.t.c.s.AbstractContextLoader - Could not detect default resource locations for test class [src.bookboogie.jpa.system.SystemServiceTest]: no resource found for suffixes {-context.xml, Context.groovy}.
23:39:58.667 [Test worker] DEBUG o.s.t.c.support.ActiveProfilesUtils - Could not find an 'annotation declaring class' for annotation type [org.springframework.test.context.ActiveProfiles] and class [src.bookboogie.jpa.system.SystemServiceTest]
23:39:58.670 [Test worker] DEBUG o.s.t.c.s.DefaultTestContextBootstrapper - @TestExecutionListeners is not present for class [src.bookboogie.jpa.system.SystemServiceTest]: using defaults.
23:39:58.679 [Test worker] INFO  o.s.t.c.s.DefaultTestContextBootstrapper - Loaded default TestExecutionListener class names from location [META-INF/spring.factories]: [org.springframework.test.context.web.ServletTestExecutionListener, org.springframework.test.context.support.DirtiesContextBeforeModesTestExecutionListener, org.springframework.test.context.support.DependencyInjectionTestExecutionListener, org.springframework.test.context.support.DirtiesContextTestExecutionListener, org.springframework.test.context.transaction.TransactionalTestExecutionListener, org.springframework.test.context.jdbc.SqlScriptsTestExecutionListener]
23:39:58.697 [Test worker] INFO  o.s.t.c.s.DefaultTestContextBootstrapper - Using TestExecutionListeners: [org.springframework.test.context.web.ServletTestExecutionListener@558ae17e, org.springframework.test.context.support.DirtiesContextBeforeModesTestExecutionListener@3ee3db35, org.springframework.test.context.support.DependencyInjectionTestExecutionListener@2465d197, org.springframework.test.context.support.DirtiesContextTestExecutionListener@125a6036, org.springframework.test.context.transaction.TransactionalTestExecutionListener@1059e212, org.springframework.test.context.jdbc.SqlScriptsTestExecutionListener@3043a95f]
]]></system-out>
  <system-err><![CDATA[]]></system-err>
</testsuite>
